<?xml version="1.0" encoding="UTF-8"?>
<!-- Generated by org.testng.reporters.JUnitReportReporter -->
<testsuite skipped="0" hostname="INDBSs-MacBook-Pro.local" name="LoginTestNgDemo" tests="1" failures="0" timestamp="09 Dec 2019 06:38:34 GMT" time="4.590" errors="0">
  <testcase name="verifyLogin" time="4.590" classname="LoginTestNgDemo"/>
</testsuite> <!-- LoginTestNgDemo -->
